
lab2.elf:     file format elf32-littlearm

Sections:
Idx Name          Size      VMA       LMA       File off  Algn
  0 .text         00000074  0c100000  0c100000  00008000  2**2
                  CONTENTS, ALLOC, LOAD, READONLY, CODE
  1 .debug_abbrev 0000002b  00000000  00000000  00008074  2**0
                  CONTENTS, READONLY, DEBUGGING
  2 .debug_info   0000003f  00000000  00000000  0000809f  2**0
                  CONTENTS, READONLY, DEBUGGING
  3 .debug_line   00000041  00000000  00000000  000080de  2**0
                  CONTENTS, READONLY, DEBUGGING
  4 .debug_macinfo 000021e6  00000000  00000000  0000811f  2**0
                  CONTENTS, READONLY, DEBUGGING
  5 .debug_loc    0000002c  00000000  00000000  0000a305  2**0
                  CONTENTS, READONLY, DEBUGGING
  6 .debug_pubnames 0000001b  00000000  00000000  0000a331  2**0
                  CONTENTS, READONLY, DEBUGGING
  7 .debug_aranges 00000020  00000000  00000000  0000a34c  2**0
                  CONTENTS, READONLY, DEBUGGING
  8 .debug_str    0000004f  00000000  00000000  0000a36c  2**0
                  CONTENTS, READONLY, DEBUGGING
  9 .comment      0000002a  00000000  00000000  0000a3bb  2**0
                  CONTENTS, READONLY
 10 .ARM.attributes 00000032  00000000  00000000  0000a3e5  2**0
                  CONTENTS, READONLY
 11 .debug_frame  00000030  00000000  00000000  0000a418  2**2
                  CONTENTS, READONLY, DEBUGGING

Disassembly of section .text:

0c100000 <main>:
#define PCONG (*(volatile unsigned int *)0x01D20040)
#define PDATG (*(volatile unsigned int *)0x01D20044)
#define PUPG  (*(volatile unsigned int *)0x01D20048)
    
void main(void) 
{
 c100000:	e1a0c00d 	mov	ip, sp
 c100004:	e92dd800 	push	{fp, ip, lr, pc}
 c100008:	e24cb004 	sub	fp, ip, #4
    PCONB &= ~( (1<<10) | (1<<9) );  // PB[10] = out, PF[9] = out
 c10000c:	e59f304c 	ldr	r3, [pc, #76]	; c100060 <main+0x60>
 c100010:	e59f2048 	ldr	r2, [pc, #72]	; c100060 <main+0x60>
 c100014:	e5922000 	ldr	r2, [r2]
 c100018:	e3c22c06 	bic	r2, r2, #1536	; 0x600
 c10001c:	e5832000 	str	r2, [r3]
    PCONG &= ~( (3<<14) | (3<<16) );  // PG[7] = in, PG[6] = in
 c100020:	e59f303c 	ldr	r3, [pc, #60]	; c100064 <main+0x64>
 c100024:	e59f2038 	ldr	r2, [pc, #56]	; c100064 <main+0x64>
 c100028:	e5922000 	ldr	r2, [r2]
 c10002c:	e3c2290f 	bic	r2, r2, #245760	; 0x3c000
 c100030:	e5832000 	str	r2, [r3]
    PUPG  |= (3<<6);                 // Deshabilita pull-up de PG[7] y PG[6]
 c100034:	e59f302c 	ldr	r3, [pc, #44]	; c100068 <main+0x68>
 c100038:	e59f2028 	ldr	r2, [pc, #40]	; c100068 <main+0x68>
 c10003c:	e5922000 	ldr	r2, [r2]
 c100040:	e38220c0 	orr	r2, r2, #192	; 0xc0
 c100044:	e5832000 	str	r2, [r3]

    while( 1 )
        PDATB = PDATG << 3;    // PB[10:9] = PG[7:6]
 c100048:	e59f301c 	ldr	r3, [pc, #28]	; c10006c <main+0x6c>
 c10004c:	e59f201c 	ldr	r2, [pc, #28]	; c100070 <main+0x70>
 c100050:	e5922000 	ldr	r2, [r2]
 c100054:	e1a02182 	lsl	r2, r2, #3
 c100058:	e5832000 	str	r2, [r3]
 c10005c:	eafffff9 	b	c100048 <main+0x48>
 c100060:	01d20008 	.word	0x01d20008
 c100064:	01d20040 	.word	0x01d20040
 c100068:	01d20048 	.word	0x01d20048
 c10006c:	01d2000c 	.word	0x01d2000c
 c100070:	01d20044 	.word	0x01d20044
